<?xml version="1.0" encoding="UTF-8"?>
<testsuite xmlns:xsi="http://www.w3.org/2001/XMLSchema-instance" xsi:noNamespaceSchemaLocation="https://maven.apache.org/surefire/maven-surefire-plugin/xsd/surefire-test-report.xsd" name="pl.WordLeaderBoardTest" time="0.094" tests="10" errors="0" skipped="0" failures="0">
  <properties>
[...]
</properties>
  <testcase name="shouldBuildLeaderTableAndPlayer3isSecond" classname="pl.WordLeaderBoardTest" time="0.017"/>
  <testcase name="playerShouldIncrease20Points" classname="pl.WordLeaderBoardTest" time="0"/>
  <testcase name="PlayerComparatorNeedsSortInverted" classname="pl.WordLeaderBoardTest" time="0"/>
  <testcase name="setEffectiveWords" classname="pl.WordLeaderBoardTest" time="0"/>
  <testcase name="PlayerComparatorNeedsSortEqual" classname="pl.WordLeaderBoardTest" time="0"/>
  <testcase name="setEffectivePoints" classname="pl.WordLeaderBoardTest" time="0"/>
  <testcase name="checkPlayerComparator" classname="pl.WordLeaderBoardTest" time="0"/>
  <testcase name="notImplementedRuleHasThrowException" classname="pl.WordLeaderBoardTest" time="0.001"/>
  <testcase name="processSubmissionThrowsExceptionNullPlayers" classname="pl.WordLeaderBoardTest" time="0"/>
  <testcase name="processSubmissionThrowsExceptionEmptyPlayers" classname="pl.WordLeaderBoardTest" time="0"/>
</testsuite>